# JRE version: OpenJDK Runtime Environment Temurin-11.0.13+8 (11.0.13+8) (build 11.0.13+8)
# Java VM: OpenJDK 64-Bit Server VM Temurin-11.0.13+8 (11.0.13+8, mixed mode, tiered, compressed oops, g1 gc, windows-amd64)
Heap:
 garbage-first heap   total 262144K, used 22293K [0x00000000e0000000, 0x0000000100000000)
  region size 1024K, 11 young (11264K), 5 survivors (5120K)
 Metaspace       used 21454K, capacity 21999K, committed 22140K, reserved 274432K
  class space    used 2626K, capacity 2814K, committed 2816K, reserved 253952K
GC Heap History (10 events):
Event: 3.107 GC heap before
{Heap before GC invocations=0 (full 0):
 garbage-first heap   total 262144K, used 16384K [0x00000000e0000000, 0x0000000100000000)
  region size 1024K, 14 young (14336K), 0 survivors (0K)
 Metaspace       used 6801K, capacity 7001K, committed 7168K, reserved 262144K
  class space    used 575K, capacity 650K, committed 768K, reserved 253952K
}
Event: 3.166 GC heap after
{Heap after GC invocations=1 (full 0):
 garbage-first heap   total 262144K, used 4075K [0x00000000e0000000, 0x0000000100000000)
  region size 1024K, 2 young (2048K), 2 survivors (2048K)
 Metaspace       used 6801K, capacity 7001K, committed 7168K, reserved 262144K
  class space    used 575K, capacity 650K, committed 768K, reserved 253952K
}
Event: 5.648 GC heap before
{Heap before GC invocations=1 (full 0):
 garbage-first heap   total 262144K, used 28651K [0x00000000e0000000, 0x0000000100000000)
  region size 1024K, 23 young (23552K), 2 survivors (2048K)
 Metaspace       used 10836K, capacity 11085K, committed 11264K, reserved 264192K
  class space    used 1113K, capacity 1207K, committed 1280K, reserved 253952K
}
Event: 5.654 GC heap after
{Heap after GC invocations=2 (full 0):
 garbage-first heap   total 262144K, used 9475K [0x00000000e0000000, 0x0000000100000000)
  region size 1024K, 3 young (3072K), 3 survivors (3072K)
 Metaspace       used 10836K, capacity 11085K, committed 11264K, reserved 264192K
  class space    used 1113K, capacity 1207K, committed 1280K, reserved 253952K
}
Event: 7.197 GC heap before
{Heap before GC invocations=2 (full 0):
 garbage-first heap   total 262144K, used 36099K [0x00000000e0000000, 0x0000000100000000)
  region size 1024K, 29 young (29696K), 3 survivors (3072K)
 Metaspace       used 10963K, capacity 11213K, committed 11520K, reserved 264192K
  class space    used 1116K, capacity 1207K, committed 1280K, reserved 253952K
}
Event: 7.204 GC heap after
{Heap after GC invocations=3 (full 0):
 garbage-first heap   total 262144K, used 12903K [0x00000000e0000000, 0x0000000100000000)
  region size 1024K, 4 young (4096K), 4 survivors (4096K)
 Metaspace       used 10963K, capacity 11213K, committed 11520K, reserved 264192K
  class space    used 1116K, capacity 1207K, committed 1280K, reserved 253952K
}
Event: 12.897 GC heap before
{Heap before GC invocations=3 (full 0):
 garbage-first heap   total 262144K, used 67175K [0x00000000e0000000, 0x0000000100000000)
  region size 1024K, 57 young (58368K), 4 survivors (4096K)
 Metaspace       used 19488K, capacity 19928K, committed 20224K, reserved 272384K
  class space    used 2341K, capacity 2486K, committed 2560K, reserved 253952K
}
Event: 12.915 GC heap after
{Heap after GC invocations=4 (full 0):
 garbage-first heap   total 262144K, used 16514K [0x00000000e0000000, 0x0000000100000000)
  region size 1024K, 7 young (7168K), 7 survivors (7168K)
 Metaspace       used 19488K, capacity 19928K, committed 20224K, reserved 272384K
  class space    used 2341K, capacity 2486K, committed 2560K, reserved 253952K
}
Event: 13.626 GC heap before
{Heap before GC invocations=4 (full 0):
 garbage-first heap   total 262144K, used 27778K [0x00000000e0000000, 0x0000000100000000)
  region size 1024K, 19 young (19456K), 7 survivors (7168K)
 Metaspace       used 20707K, capacity 21121K, committed 21296K, reserved 274432K
  class space    used 2509K, capacity 2666K, committed 2688K, reserved 253952K
}
Event: 13.638 GC heap after
{Heap after GC invocations=5 (full 0):
 garbage-first heap   total 262144K, used 17173K [0x00000000e0000000, 0x0000000100000000)
  region size 1024K, 5 young (5120K), 5 survivors (5120K)
 Metaspace       used 20707K, capacity 21121K, committed 21296K, reserved 274432K
  class space    used 2509K, capacity 2666K, committed 2688K, reserved 253952K
}

