# JRE version: OpenJDK Runtime Environment Temurin-11.0.13+8 (11.0.13+8) (build 11.0.13+8)
# Java VM: OpenJDK 64-Bit Server VM Temurin-11.0.13+8 (11.0.13+8, mixed mode, tiered, compressed oops, g1 gc, windows-amd64)
Heap:
 garbage-first heap   total 262144K, used 102852K [0x00000000e0000000, 0x0000000100000000)
  region size 1024K, 85 young (87040K), 13 survivors (13312K)
 Metaspace       used 48932K, capacity 49954K, committed 50128K, reserved 299008K
  class space    used 6141K, capacity 6509K, committed 6528K, reserved 253952K
GC Heap History (14 events):
Event: 2.444 GC heap before
{Heap before GC invocations=0 (full 0):
 garbage-first heap   total 262144K, used 16384K [0x00000000e0000000, 0x0000000100000000)
  region size 1024K, 14 young (14336K), 0 survivors (0K)
 Metaspace       used 6806K, capacity 7049K, committed 7168K, reserved 262144K
  class space    used 575K, capacity 650K, committed 768K, reserved 253952K
}
Event: 2.532 GC heap after
{Heap after GC invocations=1 (full 0):
 garbage-first heap   total 262144K, used 4076K [0x00000000e0000000, 0x0000000100000000)
  region size 1024K, 2 young (2048K), 2 survivors (2048K)
 Metaspace       used 6806K, capacity 7049K, committed 7168K, reserved 262144K
  class space    used 575K, capacity 650K, committed 768K, reserved 253952K
}
Event: 5.994 GC heap before
{Heap before GC invocations=1 (full 0):
 garbage-first heap   total 262144K, used 29676K [0x00000000e0000000, 0x0000000100000000)
  region size 1024K, 24 young (24576K), 2 survivors (2048K)
 Metaspace       used 10862K, capacity 11069K, committed 11264K, reserved 264192K
  class space    used 1114K, capacity 1207K, committed 1280K, reserved 253952K
}
Event: 6.003 GC heap after
{Heap after GC invocations=2 (full 0):
 garbage-first heap   total 262144K, used 9691K [0x00000000e0000000, 0x0000000100000000)
  region size 1024K, 3 young (3072K), 3 survivors (3072K)
 Metaspace       used 10862K, capacity 11069K, committed 11264K, reserved 264192K
  class space    used 1114K, capacity 1207K, committed 1280K, reserved 253952K
}
Event: 11.315 GC heap before
{Heap before GC invocations=2 (full 0):
 garbage-first heap   total 262144K, used 37339K [0x00000000e0000000, 0x0000000100000000)
  region size 1024K, 30 young (30720K), 3 survivors (3072K)
 Metaspace       used 10984K, capacity 11197K, committed 11520K, reserved 264192K
  class space    used 1117K, capacity 1207K, committed 1280K, reserved 253952K
}
Event: 11.323 GC heap after
{Heap after GC invocations=3 (full 0):
 garbage-first heap   total 262144K, used 13891K [0x00000000e0000000, 0x0000000100000000)
  region size 1024K, 4 young (4096K), 4 survivors (4096K)
 Metaspace       used 10984K, capacity 11197K, committed 11520K, reserved 264192K
  class space    used 1117K, capacity 1207K, committed 1280K, reserved 253952K
}
Event: 17.886 GC heap before
{Heap before GC invocations=3 (full 0):
 garbage-first heap   total 262144K, used 74307K [0x00000000e0000000, 0x0000000100000000)
  region size 1024K, 64 young (65536K), 4 survivors (4096K)
 Metaspace       used 20776K, capacity 21237K, committed 21296K, reserved 274432K
  class space    used 2501K, capacity 2665K, committed 2688K, reserved 253952K
}
Event: 17.909 GC heap after
{Heap after GC invocations=4 (full 0):
 garbage-first heap   total 262144K, used 17024K [0x00000000e0000000, 0x0000000100000000)
  region size 1024K, 8 young (8192K), 8 survivors (8192K)
 Metaspace       used 20776K, capacity 21237K, committed 21296K, reserved 274432K
  class space    used 2501K, capacity 2665K, committed 2688K, reserved 253952K
}
Event: 21.437 GC heap before
{Heap before GC invocations=5 (full 0):
 garbage-first heap   total 262144K, used 87680K [0x00000000e0000000, 0x0000000100000000)
  region size 1024K, 77 young (78848K), 8 survivors (8192K)
 Metaspace       used 27529K, capacity 28180K, committed 28336K, reserved 278528K
  class space    used 3551K, capacity 3796K, committed 3840K, reserved 253952K
}
Event: 21.476 GC heap after
{Heap after GC invocations=6 (full 0):
 garbage-first heap   total 262144K, used 20033K [0x00000000e0000000, 0x0000000100000000)
  region size 1024K, 6 young (6144K), 6 survivors (6144K)
 Metaspace       used 27529K, capacity 28180K, committed 28336K, reserved 278528K
  class space    used 3551K, capacity 3796K, committed 3840K, reserved 253952K
}
Event: 25.170 GC heap before
{Heap before GC invocations=6 (full 0):
 garbage-first heap   total 262144K, used 62017K [0x00000000e0000000, 0x0000000100000000)
  region size 1024K, 48 young (49152K), 6 survivors (6144K)
 Metaspace       used 34950K, capacity 35740K, committed 35920K, reserved 286720K
  class space    used 4434K, capacity 4763K, committed 4864K, reserved 253952K
}
Event: 25.191 GC heap after
{Heap after GC invocations=7 (full 0):
 garbage-first heap   total 262144K, used 22863K [0x00000000e0000000, 0x0000000100000000)
  region size 1024K, 9 young (9216K), 9 survivors (9216K)
 Metaspace       used 34950K, capacity 35740K, committed 35920K, reserved 286720K
  class space    used 4434K, capacity 4763K, committed 4864K, reserved 253952K
}
Event: 32.017 GC heap before
{Heap before GC invocations=8 (full 0):
 garbage-first heap   total 262144K, used 144719K [0x00000000e0000000, 0x0000000100000000)
  region size 1024K, 125 young (128000K), 9 survivors (9216K)
 Metaspace       used 45047K, capacity 46023K, committed 46032K, reserved 294912K
  class space    used 5645K, capacity 6008K, committed 6016K, reserved 253952K
}
Event: 32.072 GC heap after
{Heap after GC invocations=9 (full 0):
 garbage-first heap   total 262144K, used 30148K [0x00000000e0000000, 0x0000000100000000)
  region size 1024K, 13 young (13312K), 13 survivors (13312K)
 Metaspace       used 45047K, capacity 46023K, committed 46032K, reserved 294912K
  class space    used 5645K, capacity 6008K, committed 6016K, reserved 253952K
}

